current directory: /home/miguelubuntu/Escritorio/CC3S2/Actividad_Rails-Avanzado/Desarrollo-software-2023/Semana7/myrottenpotatoes/.bundle/ruby/3.0.0/gems/psych-5.1.0/ext/psych
/home/miguelubuntu/.rvm/rubies/ruby-3.0.2/bin/ruby -I /home/miguelubuntu/.rvm/rubies/ruby-3.0.2/lib/ruby/3.0.0 -r ./siteconf20231113-9469-d0sk3o.rb extconf.rb
checking for yaml.h... yes
checking for yaml_get_version() in -lyaml... yes
creating Makefile

current directory: /home/miguelubuntu/Escritorio/CC3S2/Actividad_Rails-Avanzado/Desarrollo-software-2023/Semana7/myrottenpotatoes/.bundle/ruby/3.0.0/gems/psych-5.1.0/ext/psych
make DESTDIR\= clean
cd libyaml && make clean
/bin/sh: 1: cd: can't cd to libyaml
make: [Makefile:280: clean-so] Error 2 (no tiene efecto)

current directory: /home/miguelubuntu/Escritorio/CC3S2/Actividad_Rails-Avanzado/Desarrollo-software-2023/Semana7/myrottenpotatoes/.bundle/ruby/3.0.0/gems/psych-5.1.0/ext/psych
make DESTDIR\=
compiling psych.c
compiling psych_emitter.c
compiling psych_parser.c
compiling psych_to_ruby.c
compiling psych_yaml_tree.c
linking shared-object psych.so

current directory: /home/miguelubuntu/Escritorio/CC3S2/Actividad_Rails-Avanzado/Desarrollo-software-2023/Semana7/myrottenpotatoes/.bundle/ruby/3.0.0/gems/psych-5.1.0/ext/psych
make DESTDIR\= install
/usr/bin/install -m 0755 psych.so ./.gem.20231113-9469-s47bjk
